<html>
<head>
<title>TestNG:  Test</title>
<link href="../testng.css" rel="stylesheet" type="text/css" />
<link href="../my-testng.css" rel="stylesheet" type="text/css" />

<style type="text/css">
.log { display: none;} 
.stack-trace { display: none;} 
</style>
<script type="text/javascript">
<!--
function flip(e) {
  current = e.style.display;
  if (current == 'block') {
    e.style.display = 'none';
    return 0;
  }
  else {
    e.style.display = 'block';
    return 1;
  }
}

function toggleBox(szDivId, elem, msg1, msg2)
{
  var res = -1;  if (document.getElementById) {
    res = flip(document.getElementById(szDivId));
  }
  else if (document.all) {
    // this is the way old msie versions work
    res = flip(document.all[szDivId]);
  }
  if(elem) {
    if(res == 0) elem.innerHTML = msg1; else elem.innerHTML = msg2;
  }

}

function toggleAllBoxes() {
  if (document.getElementsByTagName) {
    d = document.getElementsByTagName('div');
    for (i = 0; i < d.length; i++) {
      if (d[i].className == 'log') {
        flip(d[i]);
      }
    }
  }
}

// -->
</script>

</head>
<body>
<h2 align='center'>Test</h2><table border='1' align="center">
<tr>
<td>Tests passed/Failed/Skipped:</td><td>13/0/1</td>
</tr><tr>
<td>Started on:</td><td>Thu Jul 31 19:27:31 IST 2025</td>
</tr>
<tr><td>Total time:</td><td>143 seconds (143285 ms)</td>
</tr><tr>
<td>Included groups:</td><td></td>
</tr><tr>
<td>Excluded groups:</td><td></td>
</tr>
</table><p/>
<small><i>(Hover the method name to see the test class name)</i></small><p/>
<table width='100%' border='1' class='invocation-passed'>
<tr><td colspan='4' align='center'><b>PASSED TESTS</b></td></tr>
<tr><td><b>Test method</b></td>
<td><b>Attribute(s)</b></td>
<td width="30%"><b>Exception</b></td>
<td width="10%"><b>Time (seconds)</b></td>
<td><b>Instance</b></td>
</tr>
<tr>
<td title='testscript5.ManageFooterTextTest.validateuserisabletoManageFooterText()'><b>validateuserisabletoManageFooterText</b><br>Test class: testscript5.ManageFooterTextTest<br>Test method: validate user is able to manage footer text</td>
<td></td>
<td>6</td>
<td>testscript5.ManageFooterTextTest@560348e6</td></tr>
<tr>
<td title='testscript5.ManageFooterTextTest.validateUpdateButtonisDisplayed()'><b>validateUpdateButtonisDisplayed</b><br>Test class: testscript5.ManageFooterTextTest<br>Test method: validate user is able to view the update button</td>
<td></td>
<td>3</td>
<td>testscript5.ManageFooterTextTest@560348e6</td></tr>
<tr>
<td title='testscript5.LogoutTest.validateadminisAbleToLogout()'><b>validateadminisAbleToLogout</b><br>Test class: testscript5.LogoutTest<br>Test method: validate admin is able to logout</td>
<td></td>
<td>2</td>
<td>testscript5.LogoutTest@7d94beb9</td></tr>
<tr>
<td title='testscript5.LoginTest.verifyuserisabletoLoginwithInvalidUsernameandInvalidPassword()'><b>verifyuserisabletoLoginwithInvalidUsernameandInvalidPassword</b><br>Test class: testscript5.LoginTest<br>Test method: validate user is able to login with invalid username and invalid password</td>
<td></td>
<td>1</td>
<td>testscript5.LoginTest@4bc222e</td></tr>
<tr>
<td title='testscript5.AdminusersUpdateTest.validateadminusersupdatebuttonisVisible()'><b>validateadminusersupdatebuttonisVisible</b><br>Test class: testscript5.AdminusersUpdateTest<br>Test method: validate whether the admin update button is visible</td>
<td></td>
<td>4</td>
<td>testscript5.AdminusersUpdateTest@7b993c65</td></tr>
<tr>
<td title='testscript5.ManageNewsTest.manageNewsEntry()'><b>manageNewsEntry</b><br>Test class: testscript5.ManageNewsTest<br>Test method: validate whether user is able to add news in manage news page</td>
<td></td>
<td>4</td>
<td>testscript5.ManageNewsTest@23202fce</td></tr>
<tr>
<td title='testscript5.LoginTest.validateuserisabletoLoginwithInvalidUsername()'><b>validateuserisabletoLoginwithInvalidUsername</b><br>Test class: testscript5.LoginTest<br>Test method: validate user is able to login with invalid username</td>
<td></td>
<td>3</td>
<td>testscript5.LoginTest@4bc222e</td></tr>
<tr>
<td title='testscript5.AdminusersTest.validateuserisabletoaddAdmin()'><b>validateuserisabletoaddAdmin</b><br>Test class: testscript5.AdminusersTest<br>Test method: Validate user is able to add an admin</td>
<td></td>
<td>5</td>
<td>testscript5.AdminusersTest@609bcfb6</td></tr>
<tr>
<td title='testscript5.LoginTest.validateuserisabletoLoginwithValidCredentials()'><b>validateuserisabletoLoginwithValidCredentials</b><br>Test class: testscript5.LoginTest<br>Test method: validate user is able to login with valid credentials</td>
<td></td>
<td>2</td>
<td>testscript5.LoginTest@4bc222e</td></tr>
<tr>
<td title='testscript5.ManageCategoryTest.validatewhetheruserisabletoUpdateCategoryandUploadImage()'><b>validatewhetheruserisabletoUpdateCategoryandUploadImage</b><br>Test class: testscript5.ManageCategoryTest<br>Test method: validate admin is able to update category and upload image file</td>
<td></td>
<td>4</td>
<td>testscript5.ManageCategoryTest@37911f88</td></tr>
<tr>
<td title='testscript5.LoginTest.verifyuserisabletoLoginwithInvalidPassword()'><b>verifyuserisabletoLoginwithInvalidPassword</b><br>Test class: testscript5.LoginTest<br>Test method: validate user is able to login with invalid password</td>
<td></td>
<td>2</td>
<td>testscript5.LoginTest@4bc222e</td></tr>
<tr>
<td title='testscript5.ManageContactTest.validateadminisabletoUpdateManageContact()'><b>validateadminisabletoUpdateManageContact</b><br>Test class: testscript5.ManageContactTest<br>Test method: validate admin is able to update manage contact page</td>
<td></td>
<td>4</td>
<td>testscript5.ManageContactTest@1df8b5b8</td></tr>
<tr>
<td title='testscript5.AdminusersUpdateTest.validateadminusersisabletoUpdate()'><b>validateadminusersisabletoUpdate</b><br>Test class: testscript5.AdminusersUpdateTest<br>Test method: validate whether user is able to update admin</td>
<td></td>
<td>7</td>
<td>testscript5.AdminusersUpdateTest@7b993c65</td></tr>
</table><p>
<table width='100%' border='1' class='invocation-skipped'>
<tr><td colspan='4' align='center'><b>SKIPPED TESTS</b></td></tr>
<tr><td><b>Test method</b></td>
<td><b>Attribute(s)</b></td>
<td width="30%"><b>Exception</b></td>
<td width="10%"><b>Time (seconds)</b></td>
<td><b>Instance</b></td>
</tr>
<tr>
<td title='testscript5.AdminusersTest.validateuserisabletoaddAdmin()'><b>validateuserisabletoaddAdmin</b><br>Test class: testscript5.AdminusersTest<br>Test method: Validate user is able to add an admin</td>
<td><div><pre>org.openqa.selenium.NoSuchElementException: no such element: Unable to locate element: {&quot;method&quot;:&quot;xpath&quot;,&quot;selector&quot;:&quot;//div[@class=&apos;alert alert-success alert-dismissible&apos;]&quot;}
  (Session info: chrome=138.0.7204.169)
For documentation on this error, please visit: https://www.selenium.dev/documentation/webdriver/troubleshooting/errors#no-such-element-exception
Build info: version: &apos;4.28.1&apos;, revision: &apos;73f5ad48a2&apos;
System info: os.name: &apos;Windows 10&apos;, os.arch: &apos;amd64&apos;, os.version: &apos;10.0&apos;, java.version: &apos;23.0.2&apos;
Driver info: org.openqa.selenium.chrome.ChromeDriver
Command: [b1d4ff5d4c213454c0395a2a8c4cdf73, findElement {using=xpath, value=//div[@class=&apos;alert alert-success alert-dismissible&apos;]}]
Capabilities {acceptInsecureCerts: false, browserName: chrome, browserVersion: 138.0.7204.169, chrome: {chromedriverVersion: 138.0.7204.183 (e90faf484dd..., userDataDir: C:\Users\user\AppData\Local...}, fedcm:accounts: true, goog:chromeOptions: {debuggerAddress: localhost:59646}, networkConnectionEnabled: false, pageLoadStrategy: normal, platformName: windows, proxy: Proxy(), se:cdp: ws://localhost:59646/devtoo..., se:cdpVersion: 138.0.7204.169, setWindowRect: true, strictFileInteractability: false, timeouts: {implicit: 0, pageLoad: 300000, script: 30000}, unhandledPromptBehavior: dismiss and notify, webauthn:extension:credBlob: true, webauthn:extension:largeBlob: true, webauthn:extension:minPinLength: true, webauthn:extension:prf: true, webauthn:virtualAuthenticators: true}
Session ID: b1d4ff5d4c213454c0395a2a8c4cdf73
	at org.openqa.selenium.remote.ErrorCodec.decode(ErrorCodec.java:167)
	at org.openqa.selenium.remote.codec.w3c.W3CHttpResponseCodec.decode(W3CHttpResponseCodec.java:138)
	at org.openqa.selenium.remote.codec.w3c.W3CHttpResponseCodec.decode(W3CHttpResponseCodec.java:50)
	at org.openqa.selenium.remote.HttpCommandExecutor.execute(HttpCommandExecutor.java:215)
	at org.openqa.selenium.remote.service.DriverCommandExecutor.invokeExecute(DriverCommandExecutor.java:216)
	at org.openqa.selenium.remote.service.DriverCommandExecutor.execute(DriverCommandExecutor.java:174)
	at org.openqa.selenium.remote.RemoteWebDriver.execute(RemoteWebDriver.java:545)
	at org.openqa.selenium.remote.ElementLocation$ElementFinder$2.findElement(ElementLocation.java:165)
	at org.openqa.selenium.remote.ElementLocation.findElement(ElementLocation.java:59)
	at org.openqa.selenium.remote.RemoteWebDriver.findElement(RemoteWebDriver.java:368)
	at org.openqa.selenium.remote.RemoteWebDriver.findElement(RemoteWebDriver.java:362)
	at org.openqa.selenium.support.pagefactory.DefaultElementLocator.findElement(DefaultElementLocator.java:68)
	at org.openqa.selenium.support.pagefactory.internal.LocatingElementHandler.invoke(LocatingElementHandler.java:38)
	at jdk.proxy2/jdk.proxy2.$Proxy15.isDisplayed(Unknown Source)
	at pages.AdminusersPage.isgreenalertDisplayed(AdminusersPage.java:60)
	at testscript5.AdminusersTest.validateuserisabletoaddAdmin(AdminusersTest.java:35)
	at java.base/java.util.ArrayList.forEach(ArrayList.java:1597)
... Removed 28 stack frames</pre></div><a href='#' onClick='toggleBox("stack-trace930859226", this, "Click to show all stack frames", "Click to hide stack frames")'>Click to show all stack frames</a>
<div class='stack-trace' id='stack-trace930859226'><pre>org.openqa.selenium.NoSuchElementException: no such element: Unable to locate element: {&quot;method&quot;:&quot;xpath&quot;,&quot;selector&quot;:&quot;//div[@class=&apos;alert alert-success alert-dismissible&apos;]&quot;}
  (Session info: chrome=138.0.7204.169)
For documentation on this error, please visit: https://www.selenium.dev/documentation/webdriver/troubleshooting/errors#no-such-element-exception
Build info: version: &apos;4.28.1&apos;, revision: &apos;73f5ad48a2&apos;
System info: os.name: &apos;Windows 10&apos;, os.arch: &apos;amd64&apos;, os.version: &apos;10.0&apos;, java.version: &apos;23.0.2&apos;
Driver info: org.openqa.selenium.chrome.ChromeDriver
Command: [b1d4ff5d4c213454c0395a2a8c4cdf73, findElement {using=xpath, value=//div[@class=&apos;alert alert-success alert-dismissible&apos;]}]
Capabilities {acceptInsecureCerts: false, browserName: chrome, browserVersion: 138.0.7204.169, chrome: {chromedriverVersion: 138.0.7204.183 (e90faf484dd..., userDataDir: C:\Users\user\AppData\Local...}, fedcm:accounts: true, goog:chromeOptions: {debuggerAddress: localhost:59646}, networkConnectionEnabled: false, pageLoadStrategy: normal, platformName: windows, proxy: Proxy(), se:cdp: ws://localhost:59646/devtoo..., se:cdpVersion: 138.0.7204.169, setWindowRect: true, strictFileInteractability: false, timeouts: {implicit: 0, pageLoad: 300000, script: 30000}, unhandledPromptBehavior: dismiss and notify, webauthn:extension:credBlob: true, webauthn:extension:largeBlob: true, webauthn:extension:minPinLength: true, webauthn:extension:prf: true, webauthn:virtualAuthenticators: true}
Session ID: b1d4ff5d4c213454c0395a2a8c4cdf73
	at java.base/jdk.internal.reflect.DirectConstructorHandleAccessor.newInstance(DirectConstructorHandleAccessor.java:62)
	at java.base/java.lang.reflect.Constructor.newInstanceWithCaller(Constructor.java:501)
	at java.base/java.lang.reflect.Constructor.newInstance(Constructor.java:485)
	at org.openqa.selenium.remote.ErrorCodec.decode(ErrorCodec.java:167)
	at org.openqa.selenium.remote.codec.w3c.W3CHttpResponseCodec.decode(W3CHttpResponseCodec.java:138)
	at org.openqa.selenium.remote.codec.w3c.W3CHttpResponseCodec.decode(W3CHttpResponseCodec.java:50)
	at org.openqa.selenium.remote.HttpCommandExecutor.execute(HttpCommandExecutor.java:215)
	at org.openqa.selenium.remote.service.DriverCommandExecutor.invokeExecute(DriverCommandExecutor.java:216)
	at org.openqa.selenium.remote.service.DriverCommandExecutor.execute(DriverCommandExecutor.java:174)
	at org.openqa.selenium.remote.RemoteWebDriver.execute(RemoteWebDriver.java:545)
	at org.openqa.selenium.remote.ElementLocation$ElementFinder$2.findElement(ElementLocation.java:165)
	at org.openqa.selenium.remote.ElementLocation.findElement(ElementLocation.java:59)
	at org.openqa.selenium.remote.RemoteWebDriver.findElement(RemoteWebDriver.java:368)
	at org.openqa.selenium.remote.RemoteWebDriver.findElement(RemoteWebDriver.java:362)
	at org.openqa.selenium.support.pagefactory.DefaultElementLocator.findElement(DefaultElementLocator.java:68)
	at org.openqa.selenium.support.pagefactory.internal.LocatingElementHandler.invoke(LocatingElementHandler.java:38)
	at jdk.proxy2/jdk.proxy2.$Proxy15.isDisplayed(Unknown Source)
	at pages.AdminusersPage.isgreenalertDisplayed(AdminusersPage.java:60)
	at testscript5.AdminusersTest.validateuserisabletoaddAdmin(AdminusersTest.java:35)
	at java.base/jdk.internal.reflect.DirectMethodHandleAccessor.invoke(DirectMethodHandleAccessor.java:103)
	at java.base/java.lang.reflect.Method.invoke(Method.java:580)
	at org.testng.internal.invokers.MethodInvocationHelper.invokeMethod(MethodInvocationHelper.java:141)
	at org.testng.internal.invokers.TestInvoker.invokeMethod(TestInvoker.java:687)
	at org.testng.internal.invokers.TestInvoker.invokeTestMethod(TestInvoker.java:230)
	at org.testng.internal.invokers.MethodRunner.runInSequence(MethodRunner.java:63)
	at org.testng.internal.invokers.TestInvoker$MethodInvocationAgent.invoke(TestInvoker.java:995)
	at org.testng.internal.invokers.TestInvoker.invokeTestMethods(TestInvoker.java:203)
	at org.testng.internal.invokers.TestMethodWorker.invokeTestMethods(TestMethodWorker.java:154)
	at org.testng.internal.invokers.TestMethodWorker.run(TestMethodWorker.java:134)
	at java.base/java.util.ArrayList.forEach(ArrayList.java:1597)
	at org.testng.TestRunner.privateRun(TestRunner.java:741)
	at org.testng.TestRunner.run(TestRunner.java:616)
	at org.testng.SuiteRunner.runTest(SuiteRunner.java:421)
	at org.testng.SuiteRunner.runSequentially(SuiteRunner.java:413)
	at org.testng.SuiteRunner.privateRun(SuiteRunner.java:373)
	at org.testng.SuiteRunner.run(SuiteRunner.java:312)
	at org.testng.SuiteRunnerWorker.runSuite(SuiteRunnerWorker.java:52)
	at org.testng.SuiteRunnerWorker.run(SuiteRunnerWorker.java:95)
	at org.testng.TestNG.runSuitesSequentially(TestNG.java:1274)
	at org.testng.TestNG.runSuitesLocally(TestNG.java:1208)
	at org.testng.TestNG.runSuites(TestNG.java:1112)
	at org.testng.TestNG.run(TestNG.java:1079)
	at org.testng.remote.AbstractRemoteTestNG.run(AbstractRemoteTestNG.java:115)
	at org.testng.remote.RemoteTestNG.initAndRun(RemoteTestNG.java:293)
	at org.testng.remote.RemoteTestNG.main(RemoteTestNG.java:91)
</pre></div></td>
<td>6</td>
<td>testscript5.AdminusersTest@609bcfb6</td></tr>
</table><p>
</body>
</html>